2023-12-16 10:09:53.2356|0|DEBUG|Quartz.Core.JobRunShell|Trigger instruction : NoInstruction |url: |action: |Quartz.Core.JobRunShell.Run
2023-12-16 10:09:53.3676|0|INFO|IdentityServer4.Startup|Starting IdentityServer4 version 4.1.2+997a6cdd643e46cd5762b710c4ddc43574cbec2e |url: |action: |Microsoft.AspNetCore.Builder.IdentityServerApplicationBuilderExtensions.Validate
2023-12-16 10:09:53.3855|0|INFO|IdentityServer4.Startup|You are using the in-memory version of the persisted grant store. This will store consent decisions, authorization codes, refresh and reference tokens in memory only. If you are using any of those features in production, you want to switch to a different store implementation. |url: |action: |Microsoft.AspNetCore.Builder.IdentityServerApplicationBuilderExtensions.Validate
2023-12-16 10:09:53.3965|0|INFO|IdentityServer4.Startup|Using the default authentication scheme Bearer for IdentityServer |url: |action: |Microsoft.AspNetCore.Builder.IdentityServerApplicationBuilderExtensions.ValidateAsync
2023-12-16 10:09:53.3965|0|INFO|IdentityServer4.Startup|Authentication scheme Bearer is configured for IdentityServer, but it is not a scheme that supports signin (like cookies). If you support interactive logins via the browser, then a cookie-based scheme should be used. |url: |action: |Microsoft.AspNetCore.Builder.IdentityServerApplicationBuilderExtensions.ValidateAsync
2023-12-16 10:09:53.3965|0|DEBUG|IdentityServer4.Startup|Using Bearer as default ASP.NET Core scheme for authentication |url: |action: |Microsoft.AspNetCore.Builder.IdentityServerApplicationBuilderExtensions.ValidateAsync
2023-12-16 10:09:53.3965|0|DEBUG|IdentityServer4.Startup|Using Identity.External as default ASP.NET Core scheme for sign-in |url: |action: |Microsoft.AspNetCore.Builder.IdentityServerApplicationBuilderExtensions.ValidateAsync
2023-12-16 10:09:53.3965|0|DEBUG|IdentityServer4.Startup|Using Identity.External as default ASP.NET Core scheme for sign-out |url: |action: |Microsoft.AspNetCore.Builder.IdentityServerApplicationBuilderExtensions.ValidateAsync
2023-12-16 10:09:53.3965|0|DEBUG|IdentityServer4.Startup|Using Bearer as default ASP.NET Core scheme for challenge |url: |action: |Microsoft.AspNetCore.Builder.IdentityServerApplicationBuilderExtensions.ValidateAsync
2023-12-16 10:09:53.3965|0|DEBUG|IdentityServer4.Startup|Using Bearer as default ASP.NET Core scheme for forbid |url: |action: |Microsoft.AspNetCore.Builder.IdentityServerApplicationBuilderExtensions.ValidateAsync
2023-12-16 10:09:58.0036|0|INFO|Microsoft.Hosting.Lifetime|Now listening on: https://localhost:7004 |url: |action: |Microsoft.AspNetCore.Hosting.GenericWebHostService.StartAsync
2023-12-16 10:09:58.0036|0|INFO|Microsoft.Hosting.Lifetime|Now listening on: http://localhost:5284 |url: |action: |Microsoft.AspNetCore.Hosting.GenericWebHostService.StartAsync
2023-12-16 10:09:58.0036|0|INFO|Microsoft.Hosting.Lifetime|Application started. Press Ctrl+C to shut down. |url: |action: |Microsoft.Extensions.Hosting.Internal.ConsoleLifetime.OnApplicationStarted
2023-12-16 10:09:58.0036|0|INFO|Microsoft.Hosting.Lifetime|Hosting environment: Development |url: |action: |Microsoft.Extensions.Hosting.Internal.ConsoleLifetime.OnApplicationStarted
2023-12-16 10:09:58.0036|0|INFO|Microsoft.Hosting.Lifetime|Content root path: G:\DotNetProjects\TeamTasks.Micro\TeamTasks.Micro.Identity |url: |action: |Microsoft.Extensions.Hosting.Internal.ApplicationLifetime.NotifyStarted
2023-12-16 10:10:15.9841|0|DEBUG|Quartz.Core.QuartzSchedulerThread|Batch acquisition of 0 triggers |url: |action: |Quartz.Core.QuartzSchedulerThread.Run
2023-12-16 10:10:17.9753|0|TRACE|IdentityServer4.Hosting.EndpointRouter|No endpoint entry found for request path: /api/v1/identity/register-user |url: https://localhost/api/v1/identity/register-user|action: Register|IdentityServer4.Hosting.EndpointRouter.Find
2023-12-16 10:10:22.3624|0|INFO|TeamTasks.Micro.Identity.Commands.Register.RegisterCommandHandler|Request for login an account - strdsfsdfing stdfgdfgring |url: https://localhost/api/v1/identity/register-user|action: Register|TeamTasks.Micro.Identity.Commands.Register.RegisterCommandHandler.Handle
2023-12-16 10:10:24.6901|0|WARN|Microsoft.EntityFrameworkCore.Model.Validation|Sensitive data logging is enabled. Log entries and exception messages may include sensitive application data; this mode should only be enabled during development. |url: https://localhost/api/v1/identity/register-user|action: Register|Microsoft.EntityFrameworkCore.Diagnostics.EventDefinition.Log
2023-12-16 10:10:25.5671|0|ERROR|Microsoft.EntityFrameworkCore.Query|An exception occurred while iterating over the results of a query for context type 'TeamTasks.Micro.Identity.DAL.Database.AppDbContext'.
System.InvalidOperationException: The configured execution strategy 'NpgsqlRetryingExecutionStrategy' does not support user-initiated transactions. Use the execution strategy returned by 'DbContext.Database.CreateExecutionStrategy()' to execute all the operations in the transaction as a retriable unit.
   at Microsoft.EntityFrameworkCore.Storage.ExecutionStrategy.OnFirstExecution()
   at Microsoft.EntityFrameworkCore.Storage.ExecutionStrategy.ExecuteAsync[TState,TResult](TState state, Func`4 operation, Func`4 verifySucceeded, CancellationToken cancellationToken)
   at Microsoft.EntityFrameworkCore.Query.Internal.SingleQueryingEnumerable`1.AsyncEnumerator.MoveNextAsync() System.InvalidOperationException: The configured execution strategy 'NpgsqlRetryingExecutionStrategy' does not support user-initiated transactions. Use the execution strategy returned by 'DbContext.Database.CreateExecutionStrategy()' to execute all the operations in the transaction as a retriable unit.
   at Microsoft.EntityFrameworkCore.Storage.ExecutionStrategy.OnFirstExecution()
   at Microsoft.EntityFrameworkCore.Storage.ExecutionStrategy.ExecuteAsync[TState,TResult](TState state, Func`4 operation, Func`4 verifySucceeded, CancellationToken cancellationToken)
   at Microsoft.EntityFrameworkCore.Query.Internal.SingleQueryingEnumerable`1.AsyncEnumerator.MoveNextAsync()|url: https://localhost/api/v1/identity/register-user|action: Register|Microsoft.EntityFrameworkCore.Diagnostics.EventDefinition`3.Log
2023-12-16 10:11:45.6433|0|INFO|IdentityServer4.Startup|Starting IdentityServer4 version 4.1.2+997a6cdd643e46cd5762b710c4ddc43574cbec2e |url: |action: |Microsoft.AspNetCore.Builder.IdentityServerApplicationBuilderExtensions.Validate
2023-12-16 10:11:45.6810|0|INFO|IdentityServer4.Startup|You are using the in-memory version of the persisted grant store. This will store consent decisions, authorization codes, refresh and reference tokens in memory only. If you are using any of those features in production, you want to switch to a different store implementation. |url: |action: |Microsoft.AspNetCore.Builder.IdentityServerApplicationBuilderExtensions.Validate
2023-12-16 10:11:45.6886|0|INFO|IdentityServer4.Startup|Using the default authentication scheme Bearer for IdentityServer |url: |action: |Microsoft.AspNetCore.Builder.IdentityServerApplicationBuilderExtensions.ValidateAsync
2023-12-16 10:11:45.6886|0|INFO|IdentityServer4.Startup|Authentication scheme Bearer is configured for IdentityServer, but it is not a scheme that supports signin (like cookies). If you support interactive logins via the browser, then a cookie-based scheme should be used. |url: |action: |Microsoft.AspNetCore.Builder.IdentityServerApplicationBuilderExtensions.ValidateAsync
2023-12-16 10:11:45.6886|0|DEBUG|IdentityServer4.Startup|Using Bearer as default ASP.NET Core scheme for authentication |url: |action: |Microsoft.AspNetCore.Builder.IdentityServerApplicationBuilderExtensions.ValidateAsync
2023-12-16 10:11:45.6886|0|DEBUG|IdentityServer4.Startup|Using Identity.External as default ASP.NET Core scheme for sign-in |url: |action: |Microsoft.AspNetCore.Builder.IdentityServerApplicationBuilderExtensions.ValidateAsync
2023-12-16 10:11:45.6886|0|DEBUG|IdentityServer4.Startup|Using Identity.External as default ASP.NET Core scheme for sign-out |url: |action: |Microsoft.AspNetCore.Builder.IdentityServerApplicationBuilderExtensions.ValidateAsync
2023-12-16 10:11:45.6886|0|DEBUG|IdentityServer4.Startup|Using Bearer as default ASP.NET Core scheme for challenge |url: |action: |Microsoft.AspNetCore.Builder.IdentityServerApplicationBuilderExtensions.ValidateAsync
2023-12-16 10:11:45.6886|0|DEBUG|IdentityServer4.Startup|Using Bearer as default ASP.NET Core scheme for forbid |url: |action: |Microsoft.AspNetCore.Builder.IdentityServerApplicationBuilderExtensions.ValidateAsync
2023-12-16 10:11:46.1256|0|DEBUG|Quartz.Core.JobRunShell|Trigger instruction : NoInstruction |url: |action: |Quartz.Core.JobRunShell.Run
2023-12-16 10:11:47.6492|0|INFO|Microsoft.Hosting.Lifetime|Now listening on: https://localhost:7004 |url: |action: |Microsoft.AspNetCore.Hosting.GenericWebHostService.StartAsync
2023-12-16 10:11:47.6492|0|INFO|Microsoft.Hosting.Lifetime|Now listening on: http://localhost:5284 |url: |action: |Microsoft.AspNetCore.Hosting.GenericWebHostService.StartAsync
2023-12-16 10:11:47.6569|0|INFO|Microsoft.Hosting.Lifetime|Application started. Press Ctrl+C to shut down. |url: |action: |Microsoft.Extensions.Hosting.Internal.ConsoleLifetime.OnApplicationStarted
2023-12-16 10:11:47.6569|0|INFO|Microsoft.Hosting.Lifetime|Hosting environment: Development |url: |action: |Microsoft.Extensions.Hosting.Internal.ConsoleLifetime.OnApplicationStarted
2023-12-16 10:11:47.6569|0|INFO|Microsoft.Hosting.Lifetime|Content root path: G:\DotNetProjects\TeamTasks.Micro\TeamTasks.Micro.Identity |url: |action: |Microsoft.Extensions.Hosting.Internal.ApplicationLifetime.NotifyStarted
2023-12-16 10:11:57.1901|0|TRACE|IdentityServer4.Hosting.EndpointRouter|No endpoint entry found for request path: /api/v1/identity/register-user |url: https://localhost/api/v1/identity/register-user|action: Register|IdentityServer4.Hosting.EndpointRouter.Find
2023-12-16 10:12:01.6687|0|INFO|TeamTasks.Micro.Identity.Commands.Register.RegisterCommandHandler|Request for login an account - strdsdfgdfgfsdfing stdfgdfgring |url: https://localhost/api/v1/identity/register-user|action: Register|TeamTasks.Micro.Identity.Commands.Register.RegisterCommandHandler.Handle
2023-12-16 10:12:04.2678|0|WARN|Microsoft.EntityFrameworkCore.Model.Validation|Sensitive data logging is enabled. Log entries and exception messages may include sensitive application data; this mode should only be enabled during development. |url: https://localhost/api/v1/identity/register-user|action: Register|Microsoft.EntityFrameworkCore.Diagnostics.EventDefinition.Log
2023-12-16 10:12:05.5911|0|ERROR|Microsoft.EntityFrameworkCore.Query|An exception occurred while iterating over the results of a query for context type 'TeamTasks.Micro.Identity.DAL.Database.AppDbContext'.
System.InvalidOperationException: The configured execution strategy 'NpgsqlRetryingExecutionStrategy' does not support user-initiated transactions. Use the execution strategy returned by 'DbContext.Database.CreateExecutionStrategy()' to execute all the operations in the transaction as a retriable unit.
   at Microsoft.EntityFrameworkCore.Storage.ExecutionStrategy.OnFirstExecution()
   at Microsoft.EntityFrameworkCore.Storage.ExecutionStrategy.ExecuteAsync[TState,TResult](TState state, Func`4 operation, Func`4 verifySucceeded, CancellationToken cancellationToken)
   at Microsoft.EntityFrameworkCore.Query.Internal.SingleQueryingEnumerable`1.AsyncEnumerator.MoveNextAsync() System.InvalidOperationException: The configured execution strategy 'NpgsqlRetryingExecutionStrategy' does not support user-initiated transactions. Use the execution strategy returned by 'DbContext.Database.CreateExecutionStrategy()' to execute all the operations in the transaction as a retriable unit.
   at Microsoft.EntityFrameworkCore.Storage.ExecutionStrategy.OnFirstExecution()
   at Microsoft.EntityFrameworkCore.Storage.ExecutionStrategy.ExecuteAsync[TState,TResult](TState state, Func`4 operation, Func`4 verifySucceeded, CancellationToken cancellationToken)
   at Microsoft.EntityFrameworkCore.Query.Internal.SingleQueryingEnumerable`1.AsyncEnumerator.MoveNextAsync()|url: https://localhost/api/v1/identity/register-user|action: Register|Microsoft.EntityFrameworkCore.Diagnostics.EventDefinition`3.Log
2023-12-16 10:13:10.0492|0|INFO|IdentityServer4.Startup|Starting IdentityServer4 version 4.1.2+997a6cdd643e46cd5762b710c4ddc43574cbec2e |url: |action: |Microsoft.AspNetCore.Builder.IdentityServerApplicationBuilderExtensions.Validate
2023-12-16 10:13:10.0805|0|INFO|IdentityServer4.Startup|You are using the in-memory version of the persisted grant store. This will store consent decisions, authorization codes, refresh and reference tokens in memory only. If you are using any of those features in production, you want to switch to a different store implementation. |url: |action: |Microsoft.AspNetCore.Builder.IdentityServerApplicationBuilderExtensions.Validate
2023-12-16 10:13:10.0805|0|INFO|IdentityServer4.Startup|Using the default authentication scheme Bearer for IdentityServer |url: |action: |Microsoft.AspNetCore.Builder.IdentityServerApplicationBuilderExtensions.ValidateAsync
2023-12-16 10:13:10.0805|0|INFO|IdentityServer4.Startup|Authentication scheme Bearer is configured for IdentityServer, but it is not a scheme that supports signin (like cookies). If you support interactive logins via the browser, then a cookie-based scheme should be used. |url: |action: |Microsoft.AspNetCore.Builder.IdentityServerApplicationBuilderExtensions.ValidateAsync
2023-12-16 10:13:10.0805|0|DEBUG|IdentityServer4.Startup|Using Bearer as default ASP.NET Core scheme for authentication |url: |action: |Microsoft.AspNetCore.Builder.IdentityServerApplicationBuilderExtensions.ValidateAsync
2023-12-16 10:13:10.0805|0|DEBUG|IdentityServer4.Startup|Using Identity.External as default ASP.NET Core scheme for sign-in |url: |action: |Microsoft.AspNetCore.Builder.IdentityServerApplicationBuilderExtensions.ValidateAsync
2023-12-16 10:13:10.0805|0|DEBUG|IdentityServer4.Startup|Using Identity.External as default ASP.NET Core scheme for sign-out |url: |action: |Microsoft.AspNetCore.Builder.IdentityServerApplicationBuilderExtensions.ValidateAsync
2023-12-16 10:13:10.0805|0|DEBUG|IdentityServer4.Startup|Using Bearer as default ASP.NET Core scheme for challenge |url: |action: |Microsoft.AspNetCore.Builder.IdentityServerApplicationBuilderExtensions.ValidateAsync
2023-12-16 10:13:10.0805|0|DEBUG|IdentityServer4.Startup|Using Bearer as default ASP.NET Core scheme for forbid |url: |action: |Microsoft.AspNetCore.Builder.IdentityServerApplicationBuilderExtensions.ValidateAsync
2023-12-16 10:13:10.5342|0|DEBUG|Quartz.Core.JobRunShell|Trigger instruction : NoInstruction |url: |action: |Quartz.Core.JobRunShell.Run
2023-12-16 10:13:12.0140|0|INFO|Microsoft.Hosting.Lifetime|Now listening on: https://localhost:7004 |url: |action: |Microsoft.AspNetCore.Hosting.GenericWebHostService.StartAsync
2023-12-16 10:13:12.0140|0|INFO|Microsoft.Hosting.Lifetime|Now listening on: http://localhost:5284 |url: |action: |Microsoft.AspNetCore.Hosting.GenericWebHostService.StartAsync
2023-12-16 10:13:12.0170|0|INFO|Microsoft.Hosting.Lifetime|Application started. Press Ctrl+C to shut down. |url: |action: |Microsoft.Extensions.Hosting.Internal.ConsoleLifetime.OnApplicationStarted
2023-12-16 10:13:12.0170|0|INFO|Microsoft.Hosting.Lifetime|Hosting environment: Development |url: |action: |Microsoft.Extensions.Hosting.Internal.ConsoleLifetime.OnApplicationStarted
2023-12-16 10:13:12.0170|0|INFO|Microsoft.Hosting.Lifetime|Content root path: G:\DotNetProjects\TeamTasks.Micro\TeamTasks.Micro.Identity |url: |action: |Microsoft.Extensions.Hosting.Internal.ApplicationLifetime.NotifyStarted
2023-12-16 10:13:13.4430|0|TRACE|IdentityServer4.Hosting.EndpointRouter|No endpoint entry found for request path: /api/v1/identity/register-user |url: https://localhost/api/v1/identity/register-user|action: Register|IdentityServer4.Hosting.EndpointRouter.Find
2023-12-16 10:13:17.4846|0|INFO|TeamTasks.Micro.Identity.Commands.Register.RegisterCommandHandler|Request for login an account - strdsdfgdfgfsdfing stdfgdfgring |url: https://localhost/api/v1/identity/register-user|action: Register|TeamTasks.Micro.Identity.Commands.Register.RegisterCommandHandler.Handle
2023-12-16 10:13:18.4305|0|WARN|Microsoft.EntityFrameworkCore.Model.Validation|Sensitive data logging is enabled. Log entries and exception messages may include sensitive application data; this mode should only be enabled during development. |url: https://localhost/api/v1/identity/register-user|action: Register|Microsoft.EntityFrameworkCore.Diagnostics.EventDefinition.Log
2023-12-16 10:13:31.0291|0|INFO|TeamTasks.Micro.Identity.Commands.Login.LoginCommandHandler|Request for login an account - strdsdfgdfgfsdfing |url: https://localhost/api/v1/identity/register-user|action: Register|TeamTasks.Micro.Identity.Commands.Login.LoginCommandHandler.Handle
2023-12-16 10:13:40.2455|0|DEBUG|Quartz.Core.QuartzSchedulerThread|Batch acquisition of 0 triggers |url: |action: |Quartz.Core.QuartzSchedulerThread.Run
2023-12-16 10:13:41.6613|0|INFO|TeamTasks.Micro.Identity.Commands.Login.LoginCommandHandler|User logged in - strdsdfgdfgfsdfing 16.12.2023 4:13:41 |url: https://localhost/api/v1/identity/register-user|action: Register|TeamTasks.Micro.Identity.Commands.Login.LoginCommandHandler.Handle
2023-12-16 10:13:45.3986|0|INFO|TeamTasks.Micro.Identity.Commands.Register.RegisterCommandHandler|User authorized - strdsdfgdfgfsdfing 16.12.2023 4:13:45 |url: https://localhost/api/v1/identity/register-user|action: Register|TeamTasks.Micro.Identity.Commands.Register.RegisterCommandHandler.Handle
2023-12-16 10:15:03.5723|0|INFO|IdentityServer4.Startup|Starting IdentityServer4 version 4.1.2+997a6cdd643e46cd5762b710c4ddc43574cbec2e |url: |action: |Microsoft.AspNetCore.Builder.IdentityServerApplicationBuilderExtensions.Validate
2023-12-16 10:15:03.6106|0|INFO|IdentityServer4.Startup|You are using the in-memory version of the persisted grant store. This will store consent decisions, authorization codes, refresh and reference tokens in memory only. If you are using any of those features in production, you want to switch to a different store implementation. |url: |action: |Microsoft.AspNetCore.Builder.IdentityServerApplicationBuilderExtensions.Validate
2023-12-16 10:15:03.6106|0|INFO|IdentityServer4.Startup|Using the default authentication scheme Bearer for IdentityServer |url: |action: |Microsoft.AspNetCore.Builder.IdentityServerApplicationBuilderExtensions.ValidateAsync
2023-12-16 10:15:03.6106|0|INFO|IdentityServer4.Startup|Authentication scheme Bearer is configured for IdentityServer, but it is not a scheme that supports signin (like cookies). If you support interactive logins via the browser, then a cookie-based scheme should be used. |url: |action: |Microsoft.AspNetCore.Builder.IdentityServerApplicationBuilderExtensions.ValidateAsync
2023-12-16 10:15:03.6106|0|DEBUG|IdentityServer4.Startup|Using Bearer as default ASP.NET Core scheme for authentication |url: |action: |Microsoft.AspNetCore.Builder.IdentityServerApplicationBuilderExtensions.ValidateAsync
2023-12-16 10:15:03.6106|0|DEBUG|IdentityServer4.Startup|Using Identity.External as default ASP.NET Core scheme for sign-in |url: |action: |Microsoft.AspNetCore.Builder.IdentityServerApplicationBuilderExtensions.ValidateAsync
2023-12-16 10:15:03.6106|0|DEBUG|IdentityServer4.Startup|Using Identity.External as default ASP.NET Core scheme for sign-out |url: |action: |Microsoft.AspNetCore.Builder.IdentityServerApplicationBuilderExtensions.ValidateAsync
2023-12-16 10:15:03.6106|0|DEBUG|IdentityServer4.Startup|Using Bearer as default ASP.NET Core scheme for challenge |url: |action: |Microsoft.AspNetCore.Builder.IdentityServerApplicationBuilderExtensions.ValidateAsync
2023-12-16 10:15:03.6106|0|DEBUG|IdentityServer4.Startup|Using Bearer as default ASP.NET Core scheme for forbid |url: |action: |Microsoft.AspNetCore.Builder.IdentityServerApplicationBuilderExtensions.ValidateAsync
2023-12-16 10:15:04.1047|0|DEBUG|Quartz.Core.JobRunShell|Trigger instruction : NoInstruction |url: |action: |Quartz.Core.JobRunShell.Run
2023-12-16 10:15:05.5860|0|INFO|Microsoft.Hosting.Lifetime|Now listening on: https://localhost:7004 |url: |action: |Microsoft.AspNetCore.Hosting.GenericWebHostService.StartAsync
2023-12-16 10:15:05.5860|0|INFO|Microsoft.Hosting.Lifetime|Now listening on: http://localhost:5284 |url: |action: |Microsoft.AspNetCore.Hosting.GenericWebHostService.StartAsync
2023-12-16 10:15:05.5860|0|INFO|Microsoft.Hosting.Lifetime|Application started. Press Ctrl+C to shut down. |url: |action: |Microsoft.Extensions.Hosting.Internal.ConsoleLifetime.OnApplicationStarted
2023-12-16 10:15:05.5860|0|INFO|Microsoft.Hosting.Lifetime|Hosting environment: Development |url: |action: |Microsoft.Extensions.Hosting.Internal.ConsoleLifetime.OnApplicationStarted
2023-12-16 10:15:05.5860|0|INFO|Microsoft.Hosting.Lifetime|Content root path: G:\DotNetProjects\TeamTasks.Micro\TeamTasks.Micro.Identity |url: |action: |Microsoft.Extensions.Hosting.Internal.ApplicationLifetime.NotifyStarted
2023-12-16 10:15:12.6290|0|TRACE|IdentityServer4.Hosting.EndpointRouter|No endpoint entry found for request path: /favicon.ico |url: https://localhost/favicon.ico|action: |IdentityServer4.Hosting.EndpointRouter.Find
2023-12-16 10:15:12.6290|0|INFO|TeamTasks.Micro.Identity|Get request: Microsoft.AspNetCore.Http.DefaultHttpRequest |url: https://localhost/favicon.ico|action: |TeamTasks.Micro.Identity.Middlewares.RequestLoggingMiddleware.InvokeAsync
2023-12-16 10:15:20.4152|0|TRACE|IdentityServer4.Hosting.EndpointRouter|No endpoint entry found for request path: /health |url: https://localhost/health|action: |IdentityServer4.Hosting.EndpointRouter.Find
2023-12-16 10:15:20.4748|0|WARN|Microsoft.EntityFrameworkCore.Model.Validation|Sensitive data logging is enabled. Log entries and exception messages may include sensitive application data; this mode should only be enabled during development. |url: https://localhost/health|action: |Microsoft.EntityFrameworkCore.Diagnostics.EventDefinition.Log
2023-12-16 10:15:28.4966|0|DEBUG|Quartz.Core.QuartzSchedulerThread|Batch acquisition of 0 triggers |url: |action: |Quartz.Core.QuartzSchedulerThread.Run
2023-12-16 11:58:43.6098|0|INFO|IdentityServer4.Startup|Starting IdentityServer4 version 4.1.2+997a6cdd643e46cd5762b710c4ddc43574cbec2e |url: |action: |Microsoft.AspNetCore.Builder.IdentityServerApplicationBuilderExtensions.Validate
2023-12-16 11:58:43.6840|0|INFO|IdentityServer4.Startup|You are using the in-memory version of the persisted grant store. This will store consent decisions, authorization codes, refresh and reference tokens in memory only. If you are using any of those features in production, you want to switch to a different store implementation. |url: |action: |Microsoft.AspNetCore.Builder.IdentityServerApplicationBuilderExtensions.Validate
2023-12-16 11:58:43.6963|0|INFO|IdentityServer4.Startup|Using the default authentication scheme Bearer for IdentityServer |url: |action: |Microsoft.AspNetCore.Builder.IdentityServerApplicationBuilderExtensions.ValidateAsync
2023-12-16 11:58:43.6963|0|INFO|IdentityServer4.Startup|Authentication scheme Bearer is configured for IdentityServer, but it is not a scheme that supports signin (like cookies). If you support interactive logins via the browser, then a cookie-based scheme should be used. |url: |action: |Microsoft.AspNetCore.Builder.IdentityServerApplicationBuilderExtensions.ValidateAsync
2023-12-16 11:58:43.6963|0|DEBUG|IdentityServer4.Startup|Using Bearer as default ASP.NET Core scheme for authentication |url: |action: |Microsoft.AspNetCore.Builder.IdentityServerApplicationBuilderExtensions.ValidateAsync
2023-12-16 11:58:43.6963|0|DEBUG|IdentityServer4.Startup|Using Identity.External as default ASP.NET Core scheme for sign-in |url: |action: |Microsoft.AspNetCore.Builder.IdentityServerApplicationBuilderExtensions.ValidateAsync
2023-12-16 11:58:43.6963|0|DEBUG|IdentityServer4.Startup|Using Identity.External as default ASP.NET Core scheme for sign-out |url: |action: |Microsoft.AspNetCore.Builder.IdentityServerApplicationBuilderExtensions.ValidateAsync
2023-12-16 11:58:43.6963|0|DEBUG|IdentityServer4.Startup|Using Bearer as default ASP.NET Core scheme for challenge |url: |action: |Microsoft.AspNetCore.Builder.IdentityServerApplicationBuilderExtensions.ValidateAsync
2023-12-16 11:58:43.6963|0|DEBUG|IdentityServer4.Startup|Using Bearer as default ASP.NET Core scheme for forbid |url: |action: |Microsoft.AspNetCore.Builder.IdentityServerApplicationBuilderExtensions.ValidateAsync
2023-12-16 11:58:44.0258|0|DEBUG|Quartz.Core.JobRunShell|Trigger instruction : NoInstruction |url: |action: |Quartz.Core.JobRunShell.Run
2023-12-16 11:58:46.4705|0|INFO|Microsoft.Hosting.Lifetime|Now listening on: https://localhost:7004 |url: |action: |Microsoft.AspNetCore.Hosting.GenericWebHostService.StartAsync
2023-12-16 11:58:46.4705|0|INFO|Microsoft.Hosting.Lifetime|Now listening on: http://localhost:5284 |url: |action: |Microsoft.AspNetCore.Hosting.GenericWebHostService.StartAsync
2023-12-16 11:58:46.4705|0|INFO|Microsoft.Hosting.Lifetime|Application started. Press Ctrl+C to shut down. |url: |action: |Microsoft.Extensions.Hosting.Internal.ConsoleLifetime.OnApplicationStarted
2023-12-16 11:58:46.4705|0|INFO|Microsoft.Hosting.Lifetime|Hosting environment: Development |url: |action: |Microsoft.Extensions.Hosting.Internal.ConsoleLifetime.OnApplicationStarted
2023-12-16 11:58:46.4705|0|INFO|Microsoft.Hosting.Lifetime|Content root path: G:\DotNetProjects\TeamTasks.Micro\TeamTasks.Micro.Identity |url: |action: |Microsoft.Extensions.Hosting.Internal.ApplicationLifetime.NotifyStarted
2023-12-16 11:59:05.6436|0|DEBUG|Quartz.Core.QuartzSchedulerThread|Batch acquisition of 0 triggers |url: |action: |Quartz.Core.QuartzSchedulerThread.Run
2023-12-16 11:59:07.4078|0|TRACE|IdentityServer4.Hosting.EndpointRouter|No endpoint entry found for request path: /api/v1/identity/register-user |url: https://localhost/api/v1/identity/register-user|action: Register|IdentityServer4.Hosting.EndpointRouter.Find
2023-12-16 11:59:11.6578|0|INFO|TeamTasks.Micro.Identity.Commands.Register.RegisterCommandHandler|Request for login an account - strdsfdsfadfaing strdsfsdfing |url: https://localhost/api/v1/identity/register-user|action: Register|TeamTasks.Micro.Identity.Commands.Register.RegisterCommandHandler.Handle
2023-12-16 11:59:13.4239|0|WARN|Microsoft.EntityFrameworkCore.Model.Validation|Sensitive data logging is enabled. Log entries and exception messages may include sensitive application data; this mode should only be enabled during development. |url: https://localhost/api/v1/identity/register-user|action: Register|Microsoft.EntityFrameworkCore.Diagnostics.EventDefinition.Log
2023-12-16 11:59:19.3269|0|INFO|TeamTasks.Micro.Identity.Commands.Login.LoginCommandHandler|Request for login an account - strdsfdsfadfaing |url: https://localhost/api/v1/identity/register-user|action: Register|TeamTasks.Micro.Identity.Commands.Login.LoginCommandHandler.Handle
2023-12-16 11:59:24.8013|0|INFO|TeamTasks.Micro.Identity.Commands.Login.LoginCommandHandler|User logged in - strdsfdsfadfaing 16.12.2023 5:59:24 |url: https://localhost/api/v1/identity/register-user|action: Register|TeamTasks.Micro.Identity.Commands.Login.LoginCommandHandler.Handle
2023-12-16 11:59:42.7694|0|DEBUG|Quartz.Core.QuartzSchedulerThread|Batch acquisition of 0 triggers |url: |action: |Quartz.Core.QuartzSchedulerThread.Run
2023-12-16 11:59:44.8983|0|INFO|TeamTasks.Micro.Identity.Commands.Register.RegisterCommandHandler|User authorized - strdsfdsfadfaing 16.12.2023 5:59:44 |url: https://localhost/api/v1/identity/register-user|action: Register|TeamTasks.Micro.Identity.Commands.Register.RegisterCommandHandler.Handle
2023-12-16 12:00:23.7761|0|DEBUG|Quartz.Core.QuartzSchedulerThread|Batch acquisition of 1 triggers |url: |action: |Quartz.Core.QuartzSchedulerThread.Run
2023-12-16 12:00:42.5500|0|DEBUG|Quartz.Simpl.SimpleJobFactory|Producing instance of Job 'DEFAULT.964e29d9-44b0-4dde-8e6e-7142ae71ecaa', class=TeamTasks.Micro.QuartZ.Jobs.DbTask |url: |action: |Quartz.Simpl.SimpleJobFactory.NewJob
2023-12-16 12:00:42.5500|0|DEBUG|Quartz.Core.QuartzSchedulerThread|Batch acquisition of 0 triggers |url: |action: |Quartz.Core.QuartzSchedulerThread.Run
2023-12-16 12:00:42.5500|0|DEBUG|Quartz.Core.JobRunShell|Calling Execute on job DEFAULT.964e29d9-44b0-4dde-8e6e-7142ae71ecaa |url: |action: |Quartz.Core.JobRunShell.Run
2023-12-16 12:00:42.5642|0|DEBUG|Quartz.Core.JobRunShell|Trigger instruction : NoInstruction |url: |action: |Quartz.Core.JobRunShell.Run
